<?xml version="1.0" encoding="UTF-8"?>
<testng-results ignored="0" total="2" passed="2" failed="0" skipped="0">
  <reporter-output>
  </reporter-output>
  <suite started-at="2024-04-06T05:40:02 GMT-07:00" name="Default suite" finished-at="2024-04-06T05:40:34 GMT-07:00" duration-ms="32401">
    <groups>
    </groups>
    <test started-at="2024-04-06T05:40:02 GMT-07:00" name="Default test" finished-at="2024-04-06T05:40:34 GMT-07:00" duration-ms="32401">
      <class name="testpkg.Jiomarttest">
        <test-method is-config="true" signature="urlloading()[pri:0, instance:testpkg.Jiomarttest@3e27aa33]" started-at="2024-04-06T05:40:02 GMT-07:00" name="urlloading" finished-at="2024-04-06T05:40:14 GMT-07:00" duration-ms="11720" status="PASS">
          <reporter-output>
          </reporter-output>
        </test-method> <!-- urlloading -->
        <test-method signature="search()[pri:1, instance:testpkg.Jiomarttest@3e27aa33]" started-at="2024-04-06T05:40:14 GMT-07:00" name="search" finished-at="2024-04-06T05:40:18 GMT-07:00" duration-ms="4052" status="PASS">
          <reporter-output>
          </reporter-output>
        </test-method> <!-- search -->
        <test-method signature="addbutton()[pri:2, instance:testpkg.Jiomarttest@3e27aa33]" started-at="2024-04-06T05:40:18 GMT-07:00" name="addbutton" finished-at="2024-04-06T05:40:34 GMT-07:00" duration-ms="15656" status="PASS">
          <reporter-output>
          </reporter-output>
        </test-method> <!-- addbutton -->
        <test-method is-config="true" signature="close()[pri:0, instance:testpkg.Jiomarttest@3e27aa33]" started-at="2024-04-06T05:40:34 GMT-07:00" name="close" finished-at="2024-04-06T05:40:34 GMT-07:00" duration-ms="799" status="PASS">
          <reporter-output>
          </reporter-output>
        </test-method> <!-- close -->
      </class> <!-- testpkg.Jiomarttest -->
    </test> <!-- Default test -->
  </suite> <!-- Default suite -->
</testng-results>
